Parking/build/outputs/logs/manifest-merger-release-report.txt
-- Merging decision tree log ---
manifest
ADDED from workspace\Parking\AndroidManifest.xml:2:1-35:12
	package
		ADDED from workspace\Parking\AndroidManifest.xml:3:5-26
	android:versionName
		ADDED from workspace\Parking\AndroidManifest.xml:5:5-30
	android:versionCode
		ADDED from workspace\Parking\AndroidManifest.xml:4:5-28
		INJECTED from workspace\Parking\AndroidManifest.xml
		INJECTED from workspace\Parking\AndroidManifest.xml
	xmlns:android
		ADDED from workspace\Parking\AndroidManifest.xml:2:11-69
uses-sdk
ADDED from workspace\Parking\AndroidManifest.xml:7:5-9:41
	android:targetSdkVersion
		ADDED from workspace\Parking\AndroidManifest.xml:9:9-38
	android:minSdkVersion
		ADDED from workspace\Parking\AndroidManifest.xml:8:9-35
uses-permission#android.permission.INTERNET
ADDED from workspace\Parking\AndroidManifest.xml:12:5-67
	android:name
		ADDED from workspace\Parking\AndroidManifest.xml:12:22-64
uses-permission#android.permission.ACCESS_NETWORK_STATE
ADDED from workspace\Parking\AndroidManifest.xml:13:5-79
	android:name
		ADDED from workspace\Parking\AndroidManifest.xml:13:22-76
uses-permission#android.permission.ACCESS_WIFI_STATE
ADDED from workspace\Parking\AndroidManifest.xml:14:5-76
	android:name
		ADDED from workspace\Parking\AndroidManifest.xml:14:22-73
uses-permission#android.permission.WAKE_LOCK
ADDED from workspace\Parking\AndroidManifest.xml:15:5-68
	android:name
		ADDED from workspace\Parking\AndroidManifest.xml:15:22-65
uses-permission#android.permission.WRITE_EXTERNAL_STORAGE
ADDED from workspace\Parking\AndroidManifest.xml:16:5-81
	android:name
		ADDED from workspace\Parking\AndroidManifest.xml:16:22-78
uses-permission#android.permission.READ_PHONE_STATE
ADDED from workspace\Parking\AndroidManifest.xml:17:5-75
	android:name
		ADDED from workspace\Parking\AndroidManifest.xml:17:22-72
application
ADDED from workspace\Parking\AndroidManifest.xml:19:5-33:19
	android:label
		ADDED from workspace\Parking\AndroidManifest.xml:22:9-41
	android:allowBackup
		ADDED from workspace\Parking\AndroidManifest.xml:20:9-35
	android:icon
		ADDED from workspace\Parking\AndroidManifest.xml:21:9-45
	android:theme
		ADDED from workspace\Parking\AndroidManifest.xml:23:9-40
activity#com.parking.MainActivity
ADDED from workspace\Parking\AndroidManifest.xml:24:9-32:20
	android:label
		ADDED from workspace\Parking\AndroidManifest.xml:26:13-45
	android:name
		ADDED from workspace\Parking\AndroidManifest.xml:25:13-41
intent-filter#android.intent.action.MAIN+android.intent.category.LAUNCHER
ADDED from workspace\Parking\AndroidManifest.xml:27:13-31:29
action#android.intent.action.MAIN
ADDED from workspace\Parking\AndroidManifest.xml:28:17-69
	android:name
		ADDED from workspace\Parking\AndroidManifest.xml:28:25-66
category#android.intent.category.LAUNCHER
ADDED from workspace\Parking\AndroidManifest.xml:30:17-77
	android:name
		ADDED from workspace\Parking\AndroidManifest.xml:30:27-74